  PluginProcessor.cpp
  PluginEditor.cpp
  juce_audio_basics.cpp
  juce_audio_devices.cpp
c:\users\owner\documents\juce projects hector\gainchanger\source\plugineditor.cpp(69): warning C4244: '=': conversion from 'double' to 'float', possible loss of data
c:\users\owner\documents\juce projects hector\gainchanger\source\plugineditor.cpp(67): warning C4100: 'slider': unreferenced formal parameter
c:\users\owner\documents\juce projects hector\gainchanger\source\pluginprocessor.cpp(64): warning C4100: 'index': unreferenced formal parameter
c:\users\owner\documents\juce projects hector\gainchanger\source\pluginprocessor.cpp(68): warning C4100: 'index': unreferenced formal parameter
c:\users\owner\documents\juce projects hector\gainchanger\source\pluginprocessor.cpp(73): warning C4100: 'newName': unreferenced formal parameter
c:\users\owner\documents\juce projects hector\gainchanger\source\pluginprocessor.cpp(73): warning C4100: 'index': unreferenced formal parameter
c:\users\owner\documents\juce projects hector\gainchanger\source\pluginprocessor.cpp(78): warning C4100: 'samplesPerBlock': unreferenced formal parameter
c:\users\owner\documents\juce projects hector\gainchanger\source\pluginprocessor.cpp(78): warning C4100: 'sampleRate': unreferenced formal parameter
c:\users\owner\documents\juce projects hector\gainchanger\source\pluginprocessor.cpp(115): warning C4100: 'midiMessages': unreferenced formal parameter
c:\users\owner\documents\juce projects hector\gainchanger\source\pluginprocessor.cpp(159): warning C4100: 'destData': unreferenced formal parameter
c:\users\owner\documents\juce projects hector\gainchanger\source\pluginprocessor.cpp(166): warning C4100: 'sizeInBytes': unreferenced formal parameter
c:\users\owner\documents\juce projects hector\gainchanger\source\pluginprocessor.cpp(166): warning C4100: 'data': unreferenced formal parameter
  juce_audio_formats.cpp
  juce_audio_plugin_client_utils.cpp
  juce_audio_plugin_client_VST2.cpp
  juce_audio_processors.cpp
  juce_core.cpp
  juce_cryptography.cpp
  juce_data_structures.cpp
  juce_events.cpp
  juce_graphics.cpp
  juce_gui_basics.cpp
  juce_gui_extra.cpp
  juce_opengl.cpp
  juce_video.cpp
     Creating library C:\Users\Owner\Documents\JUCE PROJECTS HECTOR\GainChanger\Builds\VisualStudio2015\Debug\GainChanger.lib and object C:\Users\Owner\Documents\JUCE PROJECTS HECTOR\GainChanger\Builds\VisualStudio2015\Debug\GainChanger.exp
  GainChanger.vcxproj -> C:\Users\Owner\Documents\JUCE PROJECTS HECTOR\GainChanger\Builds\VisualStudio2015\Debug\GainChanger.dll
  GainChanger.vcxproj -> Debug\\GainChanger.pdb (Full PDB)
