c:\users\owner\documents\juce projects hector\gainchanger\builds\visualstudio2015\debug\pluginprocessor.obj
c:\users\owner\documents\juce projects hector\gainchanger\builds\visualstudio2015\debug\juce_audio_plugin_client_vst2.obj
c:\users\owner\documents\juce projects hector\gainchanger\builds\visualstudio2015\debug\juce_data_structures.obj
c:\users\owner\documents\juce projects hector\gainchanger\builds\visualstudio2015\debug\juce_gui_basics.obj
c:\users\owner\documents\juce projects hector\gainchanger\builds\visualstudio2015\debug\juce_audio_devices.obj
c:\users\owner\documents\juce projects hector\gainchanger\builds\visualstudio2015\debug\juce_audio_plugin_client_utils.obj
c:\users\owner\documents\juce projects hector\gainchanger\builds\visualstudio2015\debug\juce_cryptography.obj
c:\users\owner\documents\juce projects hector\gainchanger\builds\visualstudio2015\debug\juce_events.obj
c:\users\owner\documents\juce projects hector\gainchanger\builds\visualstudio2015\debug\juce_opengl.obj
c:\users\owner\documents\juce projects hector\gainchanger\builds\visualstudio2015\debug\juce_audio_basics.obj
c:\users\owner\documents\juce projects hector\gainchanger\builds\visualstudio2015\debug\juce_audio_formats.obj
c:\users\owner\documents\juce projects hector\gainchanger\builds\visualstudio2015\debug\juce_core.obj
c:\users\owner\documents\juce projects hector\gainchanger\builds\visualstudio2015\debug\juce_gui_extra.obj
c:\users\owner\documents\juce projects hector\gainchanger\builds\visualstudio2015\debug\plugineditor.obj
c:\users\owner\documents\juce projects hector\gainchanger\builds\visualstudio2015\debug\juce_audio_processors.obj
c:\users\owner\documents\juce projects hector\gainchanger\builds\visualstudio2015\debug\juce_graphics.obj
c:\users\owner\documents\juce projects hector\gainchanger\builds\visualstudio2015\debug\juce_video.obj
c:\users\owner\documents\juce projects hector\gainchanger\builds\visualstudio2015\debug\vc140.pdb
c:\users\owner\documents\juce projects hector\gainchanger\builds\visualstudio2015\debug\gainchanger.lib
c:\users\owner\documents\juce projects hector\gainchanger\builds\visualstudio2015\debug\gainchanger.exp
c:\users\owner\documents\juce projects hector\gainchanger\builds\visualstudio2015\debug\gainchanger.ilk
c:\users\owner\documents\juce projects hector\gainchanger\builds\visualstudio2015\debug\gainchanger.dll
c:\users\owner\documents\juce projects hector\gainchanger\builds\visualstudio2015\debug\gainchanger.pdb
c:\users\owner\documents\juce projects hector\gainchanger\builds\visualstudio2015\debug\resources.res
c:\users\owner\documents\juce projects hector\gainchanger\builds\visualstudio2015\debug\vc140.idb
c:\users\owner\documents\juce projects hector\gainchanger\builds\visualstudio2015\debug\gainchanger.tlog\cl.command.1.tlog
c:\users\owner\documents\juce projects hector\gainchanger\builds\visualstudio2015\debug\gainchanger.tlog\cl.read.1.tlog
c:\users\owner\documents\juce projects hector\gainchanger\builds\visualstudio2015\debug\gainchanger.tlog\cl.write.1.tlog
c:\users\owner\documents\juce projects hector\gainchanger\builds\visualstudio2015\debug\gainchanger.tlog\gainchanger.write.1u.tlog
c:\users\owner\documents\juce projects hector\gainchanger\builds\visualstudio2015\debug\gainchanger.tlog\link.command.1.tlog
c:\users\owner\documents\juce projects hector\gainchanger\builds\visualstudio2015\debug\gainchanger.tlog\link.read.1.tlog
c:\users\owner\documents\juce projects hector\gainchanger\builds\visualstudio2015\debug\gainchanger.tlog\link.write.1.tlog
c:\users\owner\documents\juce projects hector\gainchanger\builds\visualstudio2015\debug\gainchanger.tlog\rc.command.1.tlog
c:\users\owner\documents\juce projects hector\gainchanger\builds\visualstudio2015\debug\gainchanger.tlog\rc.read.1.tlog
c:\users\owner\documents\juce projects hector\gainchanger\builds\visualstudio2015\debug\gainchanger.tlog\rc.write.1.tlog
